/home/sgpd/SGPD_OS
/home/sgpd/SGPD_OS
/home/sgpd/SGPD_OS
/home/sgpd/SGPD_OS
/home/sgpd/SGPD_OS
/home/sgpd/SGPD_OS
/home/sgpd/SGPD_OS
/home/sgpd/SGPD_OS
/home/sgpd/SGPD_OS
{'latitud': 14.17216, 'longitud': -89.7449984, 'lugar_priorizado': 49, 'lugar_no_priorizado': 'Zona 2', 'lugar_especifico': '5ta y 18 colonia lo de fuentes', 'plan': 1, 'eje': 1, 'producto': 1, 'subproducto': 1, 'cantidad': 0, 'observaciones': '', 'cantidad_personas': 15, 'ninios': 10, 'ninias': 0, 'adolecentes_masculinos': 0, 'adolecentes_femeninas': 5, 'jovenes_masculinos': 0, 'jovenes_femeninas': 0, 'adultos': 0, 'adultas': 0, 'adultos_mayores': 0, 'adultas_mayores': 0, 'xincas': 0, 'garifunas': 10, 'mayas': 5, 'ladinos': 0}
True
/home/sgpd/SGPD_OS
/home/sgpd/SGPD_OS
'NoneType' object has no attribute 'pk'
'NoneType' object has no attribute 'pk'
/home/sgpd/SGPD_OS
/home/sgpd/SGPD_OS
Esa página no contiene resultados
Esa página no contiene resultados
Esa página no contiene resultados
Esa página no contiene resultados
Esa página no contiene resultados
Esa página no contiene resultados
Esa página no contiene resultados
/home/sgpd/SGPD_OS
Esa página no contiene resultados
Esa página no contiene resultados
Esa página no contiene resultados
Esa página no contiene resultados
Esa página no contiene resultados
Esa página no contiene resultados
Esa página no contiene resultados
Esa página no contiene resultados
Esa página no contiene resultados
Esa página no contiene resultados
Esa página no contiene resultados
Esa página no contiene resultados
Esa página no contiene resultados
